<?xml version="1.0" encoding="UTF-8"?>
<testsuite xmlns:xsi="http://www.w3.org/2001/XMLSchema-instance" xsi:noNamespaceSchemaLocation="https://maven.apache.org/surefire/maven-surefire-plugin/xsd/surefire-test-report.xsd" name="com.example.telegramBot.user.command.commands.TestCommTest" time="0.208" tests="1" errors="0" skipped="0" failures="0">
  <properties>
    <property name="sun.desktop" value="gnome"/>
    <property name="awt.toolkit" value="sun.awt.X11.XToolkit"/>
    <property name="java.specification.version" value="11"/>
    <property name="sun.cpu.isalist" value=""/>
    <property name="sun.jnu.encoding" value="UTF-8"/>
    <property name="java.class.path" value="/home/olgaz/allDocuments/bacup/WorkSpace/forProjectBot/school.manager.bot(StudentUser(avp2) + Ira)/target/test-classes:/home/olgaz/allDocuments/bacup/WorkSpace/forProjectBot/school.manager.bot(StudentUser(avp2) + Ira)/target/classes:/home/olgaz/.m2/repository/org/springframework/boot/spring-boot-starter/2.4.3/spring-boot-starter-2.4.3.jar:/home/olgaz/.m2/repository/org/springframework/boot/spring-boot/2.4.3/spring-boot-2.4.3.jar:/home/olgaz/.m2/repository/org/springframework/spring-context/5.3.4/spring-context-5.3.4.jar:/home/olgaz/.m2/repository/org/springframework/spring-expression/5.3.4/spring-expression-5.3.4.jar:/home/olgaz/.m2/repository/org/springframework/boot/spring-boot-autoconfigure/2.4.3/spring-boot-autoconfigure-2.4.3.jar:/home/olgaz/.m2/repository/org/springframework/boot/spring-boot-starter-logging/2.4.3/spring-boot-starter-logging-2.4.3.jar:/home/olgaz/.m2/repository/ch/qos/logback/logback-classic/1.2.3/logback-classic-1.2.3.jar:/home/olgaz/.m2/repository/ch/qos/logback/logback-core/1.2.3/logback-core-1.2.3.jar:/home/olgaz/.m2/repository/org/apache/logging/log4j/log4j-to-slf4j/2.13.3/log4j-to-slf4j-2.13.3.jar:/home/olgaz/.m2/repository/org/apache/logging/log4j/log4j-api/2.13.3/log4j-api-2.13.3.jar:/home/olgaz/.m2/repository/org/slf4j/jul-to-slf4j/1.7.30/jul-to-slf4j-1.7.30.jar:/home/olgaz/.m2/repository/jakarta/annotation/jakarta.annotation-api/1.3.5/jakarta.annotation-api-1.3.5.jar:/home/olgaz/.m2/repository/org/springframework/spring-core/5.3.4/spring-core-5.3.4.jar:/home/olgaz/.m2/repository/org/springframework/spring-jcl/5.3.4/spring-jcl-5.3.4.jar:/home/olgaz/.m2/repository/org/yaml/snakeyaml/1.27/snakeyaml-1.27.jar:/home/olgaz/.m2/repository/org/springframework/boot/spring-boot-starter-test/2.4.3/spring-boot-starter-test-2.4.3.jar:/home/olgaz/.m2/repository/org/springframework/boot/spring-boot-test/2.4.3/spring-boot-test-2.4.3.jar:/home/olgaz/.m2/repository/org/springframework/boot/spring-boot-test-autoconfigure/2.4.3/spring-boot-test-autoconfigure-2.4.3.jar:/home/olgaz/.m2/repository/com/jayway/jsonpath/json-path/2.4.0/json-path-2.4.0.jar:/home/olgaz/.m2/repository/net/minidev/json-smart/2.3/json-smart-2.3.jar:/home/olgaz/.m2/repository/net/minidev/accessors-smart/1.2/accessors-smart-1.2.jar:/home/olgaz/.m2/repository/org/ow2/asm/asm/5.0.4/asm-5.0.4.jar:/home/olgaz/.m2/repository/org/slf4j/slf4j-api/1.7.30/slf4j-api-1.7.30.jar:/home/olgaz/.m2/repository/jakarta/xml/bind/jakarta.xml.bind-api/2.3.3/jakarta.xml.bind-api-2.3.3.jar:/home/olgaz/.m2/repository/jakarta/activation/jakarta.activation-api/1.2.2/jakarta.activation-api-1.2.2.jar:/home/olgaz/.m2/repository/org/assertj/assertj-core/3.18.1/assertj-core-3.18.1.jar:/home/olgaz/.m2/repository/org/hamcrest/hamcrest/2.2/hamcrest-2.2.jar:/home/olgaz/.m2/repository/org/junit/jupiter/junit-jupiter/5.7.1/junit-jupiter-5.7.1.jar:/home/olgaz/.m2/repository/org/junit/jupiter/junit-jupiter-api/5.7.1/junit-jupiter-api-5.7.1.jar:/home/olgaz/.m2/repository/org/apiguardian/apiguardian-api/1.1.0/apiguardian-api-1.1.0.jar:/home/olgaz/.m2/repository/org/opentest4j/opentest4j/1.2.0/opentest4j-1.2.0.jar:/home/olgaz/.m2/repository/org/junit/platform/junit-platform-commons/1.7.1/junit-platform-commons-1.7.1.jar:/home/olgaz/.m2/repository/org/junit/jupiter/junit-jupiter-params/5.7.1/junit-jupiter-params-5.7.1.jar:/home/olgaz/.m2/repository/org/junit/jupiter/junit-jupiter-engine/5.7.1/junit-jupiter-engine-5.7.1.jar:/home/olgaz/.m2/repository/org/junit/platform/junit-platform-engine/1.7.1/junit-platform-engine-1.7.1.jar:/home/olgaz/.m2/repository/org/mockito/mockito-core/3.6.28/mockito-core-3.6.28.jar:/home/olgaz/.m2/repository/net/bytebuddy/byte-buddy/1.10.20/byte-buddy-1.10.20.jar:/home/olgaz/.m2/repository/net/bytebuddy/byte-buddy-agent/1.10.20/byte-buddy-agent-1.10.20.jar:/home/olgaz/.m2/repository/org/objenesis/objenesis/3.1/objenesis-3.1.jar:/home/olgaz/.m2/repository/org/mockito/mockito-junit-jupiter/3.6.28/mockito-junit-jupiter-3.6.28.jar:/home/olgaz/.m2/repository/org/skyscreamer/jsonassert/1.5.0/jsonassert-1.5.0.jar:/home/olgaz/.m2/repository/com/vaadin/external/google/android-json/0.0.20131108.vaadin1/android-json-0.0.20131108.vaadin1.jar:/home/olgaz/.m2/repository/org/springframework/spring-test/5.3.4/spring-test-5.3.4.jar:/home/olgaz/.m2/repository/org/xmlunit/xmlunit-core/2.7.0/xmlunit-core-2.7.0.jar:/home/olgaz/.m2/repository/org/flywaydb/flyway-maven-plugin/6.5.5/flyway-maven-plugin-6.5.5.jar:/home/olgaz/.m2/repository/org/apache/maven/maven-plugin-api/3.0/maven-plugin-api-3.0.jar:/home/olgaz/.m2/repository/org/sonatype/sisu/sisu-inject-plexus/1.4.2/sisu-inject-plexus-1.4.2.jar:/home/olgaz/.m2/repository/org/sonatype/sisu/sisu-inject-bean/1.4.2/sisu-inject-bean-1.4.2.jar:/home/olgaz/.m2/repository/org/sonatype/sisu/sisu-guice/2.1.7/sisu-guice-2.1.7-noaop.jar:/home/olgaz/.m2/repository/org/apache/maven/maven-artifact/3.0/maven-artifact-3.0.jar:/home/olgaz/.m2/repository/org/apache/maven/maven-model/3.0/maven-model-3.0.jar:/home/olgaz/.m2/repository/org/apache/maven/maven-core/3.0/maven-core-3.0.jar:/home/olgaz/.m2/repository/org/apache/maven/maven-settings/3.0/maven-settings-3.0.jar:/home/olgaz/.m2/repository/org/apache/maven/maven-settings-builder/3.0/maven-settings-builder-3.0.jar:/home/olgaz/.m2/repository/org/apache/maven/maven-repository-metadata/3.0/maven-repository-metadata-3.0.jar:/home/olgaz/.m2/repository/org/apache/maven/maven-model-builder/3.0/maven-model-builder-3.0.jar:/home/olgaz/.m2/repository/org/apache/maven/maven-aether-provider/3.0/maven-aether-provider-3.0.jar:/home/olgaz/.m2/repository/org/sonatype/aether/aether-impl/1.7/aether-impl-1.7.jar:/home/olgaz/.m2/repository/org/sonatype/aether/aether-spi/1.7/aether-spi-1.7.jar:/home/olgaz/.m2/repository/org/sonatype/aether/aether-api/1.7/aether-api-1.7.jar:/home/olgaz/.m2/repository/org/sonatype/aether/aether-util/1.7/aether-util-1.7.jar:/home/olgaz/.m2/repository/org/codehaus/plexus/plexus-interpolation/1.14/plexus-interpolation-1.14.jar:/home/olgaz/.m2/repository/org/codehaus/plexus/plexus-classworlds/2.2.3/plexus-classworlds-2.2.3.jar:/home/olgaz/.m2/repository/org/codehaus/plexus/plexus-component-annotations/1.5.5/plexus-component-annotations-1.5.5.jar:/home/olgaz/.m2/repository/org/sonatype/plexus/plexus-sec-dispatcher/1.4/plexus-sec-dispatcher-1.4.jar:/home/olgaz/.m2/repository/org/sonatype/plexus/plexus-cipher/1.4/plexus-cipher-1.4.jar:/home/olgaz/.m2/repository/org/codehaus/plexus/plexus-utils/1.5.15/plexus-utils-1.5.15.jar:/home/olgaz/.m2/repository/org/flywaydb/flyway-core/7.1.1/flyway-core-7.1.1.jar:/home/olgaz/.m2/repository/mysql/mysql-connector-java/8.0.23/mysql-connector-java-8.0.23.jar:/home/olgaz/.m2/repository/org/springframework/boot/spring-boot-starter-data-jpa/2.4.3/spring-boot-starter-data-jpa-2.4.3.jar:/home/olgaz/.m2/repository/org/springframework/boot/spring-boot-starter-aop/2.4.3/spring-boot-starter-aop-2.4.3.jar:/home/olgaz/.m2/repository/org/springframework/spring-aop/5.3.4/spring-aop-5.3.4.jar:/home/olgaz/.m2/repository/org/aspectj/aspectjweaver/1.9.6/aspectjweaver-1.9.6.jar:/home/olgaz/.m2/repository/org/springframework/boot/spring-boot-starter-jdbc/2.4.3/spring-boot-starter-jdbc-2.4.3.jar:/home/olgaz/.m2/repository/com/zaxxer/HikariCP/3.4.5/HikariCP-3.4.5.jar:/home/olgaz/.m2/repository/org/springframework/spring-jdbc/5.3.4/spring-jdbc-5.3.4.jar:/home/olgaz/.m2/repository/jakarta/transaction/jakarta.transaction-api/1.3.3/jakarta.transaction-api-1.3.3.jar:/home/olgaz/.m2/repository/jakarta/persistence/jakarta.persistence-api/2.2.3/jakarta.persistence-api-2.2.3.jar:/home/olgaz/.m2/repository/org/hibernate/hibernate-core/5.4.28.Final/hibernate-core-5.4.28.Final.jar:/home/olgaz/.m2/repository/org/jboss/logging/jboss-logging/3.4.1.Final/jboss-logging-3.4.1.Final.jar:/home/olgaz/.m2/repository/org/javassist/javassist/3.27.0-GA/javassist-3.27.0-GA.jar:/home/olgaz/.m2/repository/antlr/antlr/2.7.7/antlr-2.7.7.jar:/home/olgaz/.m2/repository/org/jboss/jandex/2.2.3.Final/jandex-2.2.3.Final.jar:/home/olgaz/.m2/repository/com/fasterxml/classmate/1.5.1/classmate-1.5.1.jar:/home/olgaz/.m2/repository/org/dom4j/dom4j/2.1.3/dom4j-2.1.3.jar:/home/olgaz/.m2/repository/org/hibernate/common/hibernate-commons-annotations/5.1.2.Final/hibernate-commons-annotations-5.1.2.Final.jar:/home/olgaz/.m2/repository/org/glassfish/jaxb/jaxb-runtime/2.3.3/jaxb-runtime-2.3.3.jar:/home/olgaz/.m2/repository/org/glassfish/jaxb/txw2/2.3.3/txw2-2.3.3.jar:/home/olgaz/.m2/repository/com/sun/istack/istack-commons-runtime/3.0.11/istack-commons-runtime-3.0.11.jar:/home/olgaz/.m2/repository/com/sun/activation/jakarta.activation/1.2.2/jakarta.activation-1.2.2.jar:/home/olgaz/.m2/repository/org/springframework/data/spring-data-jpa/2.4.5/spring-data-jpa-2.4.5.jar:/home/olgaz/.m2/repository/org/springframework/data/spring-data-commons/2.4.5/spring-data-commons-2.4.5.jar:/home/olgaz/.m2/repository/org/springframework/spring-orm/5.3.4/spring-orm-5.3.4.jar:/home/olgaz/.m2/repository/org/springframework/spring-tx/5.3.4/spring-tx-5.3.4.jar:/home/olgaz/.m2/repository/org/springframework/spring-beans/5.3.4/spring-beans-5.3.4.jar:/home/olgaz/.m2/repository/org/springframework/spring-aspects/5.3.4/spring-aspects-5.3.4.jar:/home/olgaz/.m2/repository/com/fasterxml/jackson/core/jackson-databind/2.11.4/jackson-databind-2.11.4.jar:/home/olgaz/.m2/repository/com/fasterxml/jackson/core/jackson-annotations/2.11.4/jackson-annotations-2.11.4.jar:/home/olgaz/.m2/repository/com/fasterxml/jackson/core/jackson-core/2.11.4/jackson-core-2.11.4.jar:/home/olgaz/.m2/repository/org/telegram/telegrambots-spring-boot-starter/4.1.2/telegrambots-spring-boot-starter-4.1.2.jar:/home/olgaz/.m2/repository/org/telegram/telegrambots/4.1.2/telegrambots-4.1.2.jar:/home/olgaz/.m2/repository/org/telegram/telegrambots-meta/4.1.2/telegrambots-meta-4.1.2.jar:/home/olgaz/.m2/repository/com/google/inject/guice/4.2.2/guice-4.2.2.jar:/home/olgaz/.m2/repository/javax/inject/javax.inject/1/javax.inject-1.jar:/home/olgaz/.m2/repository/aopalliance/aopalliance/1.0/aopalliance-1.0.jar:/home/olgaz/.m2/repository/com/google/guava/guava/25.1-android/guava-25.1-android.jar:/home/olgaz/.m2/repository/com/google/code/findbugs/jsr305/3.0.2/jsr305-3.0.2.jar:/home/olgaz/.m2/repository/org/checkerframework/checker-compat-qual/2.0.0/checker-compat-qual-2.0.0.jar:/home/olgaz/.m2/repository/com/google/errorprone/error_prone_annotations/2.1.3/error_prone_annotations-2.1.3.jar:/home/olgaz/.m2/repository/com/google/j2objc/j2objc-annotations/1.1/j2objc-annotations-1.1.jar:/home/olgaz/.m2/repository/org/codehaus/mojo/animal-sniffer-annotations/1.14/animal-sniffer-annotations-1.14.jar:/home/olgaz/.m2/repository/com/fasterxml/jackson/jaxrs/jackson-jaxrs-json-provider/2.11.4/jackson-jaxrs-json-provider-2.11.4.jar:/home/olgaz/.m2/repository/com/fasterxml/jackson/jaxrs/jackson-jaxrs-base/2.11.4/jackson-jaxrs-base-2.11.4.jar:/home/olgaz/.m2/repository/com/fasterxml/jackson/module/jackson-module-jaxb-annotations/2.11.4/jackson-module-jaxb-annotations-2.11.4.jar:/home/olgaz/.m2/repository/org/glassfish/jersey/media/jersey-media-json-jackson/2.32/jersey-media-json-jackson-2.32.jar:/home/olgaz/.m2/repository/org/glassfish/jersey/core/jersey-common/2.32/jersey-common-2.32.jar:/home/olgaz/.m2/repository/org/glassfish/hk2/osgi-resource-locator/1.0.3/osgi-resource-locator-1.0.3.jar:/home/olgaz/.m2/repository/org/glassfish/jersey/ext/jersey-entity-filtering/2.32/jersey-entity-filtering-2.32.jar:/home/olgaz/.m2/repository/org/glassfish/jersey/containers/jersey-container-grizzly2-http/2.32/jersey-container-grizzly2-http-2.32.jar:/home/olgaz/.m2/repository/org/glassfish/hk2/external/jakarta.inject/2.6.1/jakarta.inject-2.6.1.jar:/home/olgaz/.m2/repository/org/glassfish/grizzly/grizzly-http-server/2.4.4/grizzly-http-server-2.4.4.jar:/home/olgaz/.m2/repository/org/glassfish/grizzly/grizzly-http/2.4.4/grizzly-http-2.4.4.jar:/home/olgaz/.m2/repository/org/glassfish/grizzly/grizzly-framework/2.4.4/grizzly-framework-2.4.4.jar:/home/olgaz/.m2/repository/jakarta/ws/rs/jakarta.ws.rs-api/2.1.6/jakarta.ws.rs-api-2.1.6.jar:/home/olgaz/.m2/repository/org/glassfish/jersey/core/jersey-server/2.32/jersey-server-2.32.jar:/home/olgaz/.m2/repository/org/glassfish/jersey/core/jersey-client/2.32/jersey-client-2.32.jar:/home/olgaz/.m2/repository/org/glassfish/jersey/media/jersey-media-jaxb/2.32/jersey-media-jaxb-2.32.jar:/home/olgaz/.m2/repository/jakarta/validation/jakarta.validation-api/2.0.2/jakarta.validation-api-2.0.2.jar:/home/olgaz/.m2/repository/org/json/json/20180813/json-20180813.jar:/home/olgaz/.m2/repository/org/apache/httpcomponents/httpclient/4.5.13/httpclient-4.5.13.jar:/home/olgaz/.m2/repository/org/apache/httpcomponents/httpcore/4.4.14/httpcore-4.4.14.jar:/home/olgaz/.m2/repository/commons-codec/commons-codec/1.15/commons-codec-1.15.jar:/home/olgaz/.m2/repository/org/apache/httpcomponents/httpmime/4.5.13/httpmime-4.5.13.jar:/home/olgaz/.m2/repository/commons-io/commons-io/2.5/commons-io-2.5.jar:/home/olgaz/.m2/repository/net/java/dev/jna/jna/5.5.0/jna-5.5.0.jar:/home/olgaz/.m2/repository/org/projectlombok/lombok/1.18.18/lombok-1.18.18.jar:/home/olgaz/.m2/repository/com/vdurmont/emoji-java/5.1.1/emoji-java-5.1.1.jar:/home/olgaz/.m2/repository/com/stripe/stripe-java/20.52.0/stripe-java-20.52.0.jar:/home/olgaz/.m2/repository/com/google/code/gson/gson/2.8.6/gson-2.8.6.jar:"/>
    <property name="java.vm.vendor" value="Oracle Corporation"/>
    <property name="sun.arch.data.model" value="64"/>
    <property name="java.vendor.url" value="https://openjdk.java.net/"/>
    <property name="user.timezone" value=""/>
    <property name="java.vm.specification.version" value="11"/>
    <property name="os.name" value="Linux"/>
    <property name="sun.java.launcher" value="SUN_STANDARD"/>
    <property name="user.country" value="US"/>
    <property name="sun.boot.library.path" value="/usr/lib/jvm/java-11-oracle/lib"/>
    <property name="sun.java.command" value="/home/olgaz/allDocuments/bacup/WorkSpace/forProjectBot/school.manager.bot(StudentUser(avp2) + Ira)/target/surefire/surefirebooter2739007545654841551.jar /home/olgaz/allDocuments/bacup/WorkSpace/forProjectBot/school.manager.bot(StudentUser(avp2) + Ira)/target/surefire 2021-06-09T20-52-31_513-jvmRun1 surefire3678416613182941281tmp surefire_04453290557819113155tmp"/>
    <property name="jdk.debug" value="release"/>
    <property name="surefire.test.class.path" value="/home/olgaz/allDocuments/bacup/WorkSpace/forProjectBot/school.manager.bot(StudentUser(avp2) + Ira)/target/test-classes:/home/olgaz/allDocuments/bacup/WorkSpace/forProjectBot/school.manager.bot(StudentUser(avp2) + Ira)/target/classes:/home/olgaz/.m2/repository/org/springframework/boot/spring-boot-starter/2.4.3/spring-boot-starter-2.4.3.jar:/home/olgaz/.m2/repository/org/springframework/boot/spring-boot/2.4.3/spring-boot-2.4.3.jar:/home/olgaz/.m2/repository/org/springframework/spring-context/5.3.4/spring-context-5.3.4.jar:/home/olgaz/.m2/repository/org/springframework/spring-expression/5.3.4/spring-expression-5.3.4.jar:/home/olgaz/.m2/repository/org/springframework/boot/spring-boot-autoconfigure/2.4.3/spring-boot-autoconfigure-2.4.3.jar:/home/olgaz/.m2/repository/org/springframework/boot/spring-boot-starter-logging/2.4.3/spring-boot-starter-logging-2.4.3.jar:/home/olgaz/.m2/repository/ch/qos/logback/logback-classic/1.2.3/logback-classic-1.2.3.jar:/home/olgaz/.m2/repository/ch/qos/logback/logback-core/1.2.3/logback-core-1.2.3.jar:/home/olgaz/.m2/repository/org/apache/logging/log4j/log4j-to-slf4j/2.13.3/log4j-to-slf4j-2.13.3.jar:/home/olgaz/.m2/repository/org/apache/logging/log4j/log4j-api/2.13.3/log4j-api-2.13.3.jar:/home/olgaz/.m2/repository/org/slf4j/jul-to-slf4j/1.7.30/jul-to-slf4j-1.7.30.jar:/home/olgaz/.m2/repository/jakarta/annotation/jakarta.annotation-api/1.3.5/jakarta.annotation-api-1.3.5.jar:/home/olgaz/.m2/repository/org/springframework/spring-core/5.3.4/spring-core-5.3.4.jar:/home/olgaz/.m2/repository/org/springframework/spring-jcl/5.3.4/spring-jcl-5.3.4.jar:/home/olgaz/.m2/repository/org/yaml/snakeyaml/1.27/snakeyaml-1.27.jar:/home/olgaz/.m2/repository/org/springframework/boot/spring-boot-starter-test/2.4.3/spring-boot-starter-test-2.4.3.jar:/home/olgaz/.m2/repository/org/springframework/boot/spring-boot-test/2.4.3/spring-boot-test-2.4.3.jar:/home/olgaz/.m2/repository/org/springframework/boot/spring-boot-test-autoconfigure/2.4.3/spring-boot-test-autoconfigure-2.4.3.jar:/home/olgaz/.m2/repository/com/jayway/jsonpath/json-path/2.4.0/json-path-2.4.0.jar:/home/olgaz/.m2/repository/net/minidev/json-smart/2.3/json-smart-2.3.jar:/home/olgaz/.m2/repository/net/minidev/accessors-smart/1.2/accessors-smart-1.2.jar:/home/olgaz/.m2/repository/org/ow2/asm/asm/5.0.4/asm-5.0.4.jar:/home/olgaz/.m2/repository/org/slf4j/slf4j-api/1.7.30/slf4j-api-1.7.30.jar:/home/olgaz/.m2/repository/jakarta/xml/bind/jakarta.xml.bind-api/2.3.3/jakarta.xml.bind-api-2.3.3.jar:/home/olgaz/.m2/repository/jakarta/activation/jakarta.activation-api/1.2.2/jakarta.activation-api-1.2.2.jar:/home/olgaz/.m2/repository/org/assertj/assertj-core/3.18.1/assertj-core-3.18.1.jar:/home/olgaz/.m2/repository/org/hamcrest/hamcrest/2.2/hamcrest-2.2.jar:/home/olgaz/.m2/repository/org/junit/jupiter/junit-jupiter/5.7.1/junit-jupiter-5.7.1.jar:/home/olgaz/.m2/repository/org/junit/jupiter/junit-jupiter-api/5.7.1/junit-jupiter-api-5.7.1.jar:/home/olgaz/.m2/repository/org/apiguardian/apiguardian-api/1.1.0/apiguardian-api-1.1.0.jar:/home/olgaz/.m2/repository/org/opentest4j/opentest4j/1.2.0/opentest4j-1.2.0.jar:/home/olgaz/.m2/repository/org/junit/platform/junit-platform-commons/1.7.1/junit-platform-commons-1.7.1.jar:/home/olgaz/.m2/repository/org/junit/jupiter/junit-jupiter-params/5.7.1/junit-jupiter-params-5.7.1.jar:/home/olgaz/.m2/repository/org/junit/jupiter/junit-jupiter-engine/5.7.1/junit-jupiter-engine-5.7.1.jar:/home/olgaz/.m2/repository/org/junit/platform/junit-platform-engine/1.7.1/junit-platform-engine-1.7.1.jar:/home/olgaz/.m2/repository/org/mockito/mockito-core/3.6.28/mockito-core-3.6.28.jar:/home/olgaz/.m2/repository/net/bytebuddy/byte-buddy/1.10.20/byte-buddy-1.10.20.jar:/home/olgaz/.m2/repository/net/bytebuddy/byte-buddy-agent/1.10.20/byte-buddy-agent-1.10.20.jar:/home/olgaz/.m2/repository/org/objenesis/objenesis/3.1/objenesis-3.1.jar:/home/olgaz/.m2/repository/org/mockito/mockito-junit-jupiter/3.6.28/mockito-junit-jupiter-3.6.28.jar:/home/olgaz/.m2/repository/org/skyscreamer/jsonassert/1.5.0/jsonassert-1.5.0.jar:/home/olgaz/.m2/repository/com/vaadin/external/google/android-json/0.0.20131108.vaadin1/android-json-0.0.20131108.vaadin1.jar:/home/olgaz/.m2/repository/org/springframework/spring-test/5.3.4/spring-test-5.3.4.jar:/home/olgaz/.m2/repository/org/xmlunit/xmlunit-core/2.7.0/xmlunit-core-2.7.0.jar:/home/olgaz/.m2/repository/org/flywaydb/flyway-maven-plugin/6.5.5/flyway-maven-plugin-6.5.5.jar:/home/olgaz/.m2/repository/org/apache/maven/maven-plugin-api/3.0/maven-plugin-api-3.0.jar:/home/olgaz/.m2/repository/org/sonatype/sisu/sisu-inject-plexus/1.4.2/sisu-inject-plexus-1.4.2.jar:/home/olgaz/.m2/repository/org/sonatype/sisu/sisu-inject-bean/1.4.2/sisu-inject-bean-1.4.2.jar:/home/olgaz/.m2/repository/org/sonatype/sisu/sisu-guice/2.1.7/sisu-guice-2.1.7-noaop.jar:/home/olgaz/.m2/repository/org/apache/maven/maven-artifact/3.0/maven-artifact-3.0.jar:/home/olgaz/.m2/repository/org/apache/maven/maven-model/3.0/maven-model-3.0.jar:/home/olgaz/.m2/repository/org/apache/maven/maven-core/3.0/maven-core-3.0.jar:/home/olgaz/.m2/repository/org/apache/maven/maven-settings/3.0/maven-settings-3.0.jar:/home/olgaz/.m2/repository/org/apache/maven/maven-settings-builder/3.0/maven-settings-builder-3.0.jar:/home/olgaz/.m2/repository/org/apache/maven/maven-repository-metadata/3.0/maven-repository-metadata-3.0.jar:/home/olgaz/.m2/repository/org/apache/maven/maven-model-builder/3.0/maven-model-builder-3.0.jar:/home/olgaz/.m2/repository/org/apache/maven/maven-aether-provider/3.0/maven-aether-provider-3.0.jar:/home/olgaz/.m2/repository/org/sonatype/aether/aether-impl/1.7/aether-impl-1.7.jar:/home/olgaz/.m2/repository/org/sonatype/aether/aether-spi/1.7/aether-spi-1.7.jar:/home/olgaz/.m2/repository/org/sonatype/aether/aether-api/1.7/aether-api-1.7.jar:/home/olgaz/.m2/repository/org/sonatype/aether/aether-util/1.7/aether-util-1.7.jar:/home/olgaz/.m2/repository/org/codehaus/plexus/plexus-interpolation/1.14/plexus-interpolation-1.14.jar:/home/olgaz/.m2/repository/org/codehaus/plexus/plexus-classworlds/2.2.3/plexus-classworlds-2.2.3.jar:/home/olgaz/.m2/repository/org/codehaus/plexus/plexus-component-annotations/1.5.5/plexus-component-annotations-1.5.5.jar:/home/olgaz/.m2/repository/org/sonatype/plexus/plexus-sec-dispatcher/1.4/plexus-sec-dispatcher-1.4.jar:/home/olgaz/.m2/repository/org/sonatype/plexus/plexus-cipher/1.4/plexus-cipher-1.4.jar:/home/olgaz/.m2/repository/org/codehaus/plexus/plexus-utils/1.5.15/plexus-utils-1.5.15.jar:/home/olgaz/.m2/repository/org/flywaydb/flyway-core/7.1.1/flyway-core-7.1.1.jar:/home/olgaz/.m2/repository/mysql/mysql-connector-java/8.0.23/mysql-connector-java-8.0.23.jar:/home/olgaz/.m2/repository/org/springframework/boot/spring-boot-starter-data-jpa/2.4.3/spring-boot-starter-data-jpa-2.4.3.jar:/home/olgaz/.m2/repository/org/springframework/boot/spring-boot-starter-aop/2.4.3/spring-boot-starter-aop-2.4.3.jar:/home/olgaz/.m2/repository/org/springframework/spring-aop/5.3.4/spring-aop-5.3.4.jar:/home/olgaz/.m2/repository/org/aspectj/aspectjweaver/1.9.6/aspectjweaver-1.9.6.jar:/home/olgaz/.m2/repository/org/springframework/boot/spring-boot-starter-jdbc/2.4.3/spring-boot-starter-jdbc-2.4.3.jar:/home/olgaz/.m2/repository/com/zaxxer/HikariCP/3.4.5/HikariCP-3.4.5.jar:/home/olgaz/.m2/repository/org/springframework/spring-jdbc/5.3.4/spring-jdbc-5.3.4.jar:/home/olgaz/.m2/repository/jakarta/transaction/jakarta.transaction-api/1.3.3/jakarta.transaction-api-1.3.3.jar:/home/olgaz/.m2/repository/jakarta/persistence/jakarta.persistence-api/2.2.3/jakarta.persistence-api-2.2.3.jar:/home/olgaz/.m2/repository/org/hibernate/hibernate-core/5.4.28.Final/hibernate-core-5.4.28.Final.jar:/home/olgaz/.m2/repository/org/jboss/logging/jboss-logging/3.4.1.Final/jboss-logging-3.4.1.Final.jar:/home/olgaz/.m2/repository/org/javassist/javassist/3.27.0-GA/javassist-3.27.0-GA.jar:/home/olgaz/.m2/repository/antlr/antlr/2.7.7/antlr-2.7.7.jar:/home/olgaz/.m2/repository/org/jboss/jandex/2.2.3.Final/jandex-2.2.3.Final.jar:/home/olgaz/.m2/repository/com/fasterxml/classmate/1.5.1/classmate-1.5.1.jar:/home/olgaz/.m2/repository/org/dom4j/dom4j/2.1.3/dom4j-2.1.3.jar:/home/olgaz/.m2/repository/org/hibernate/common/hibernate-commons-annotations/5.1.2.Final/hibernate-commons-annotations-5.1.2.Final.jar:/home/olgaz/.m2/repository/org/glassfish/jaxb/jaxb-runtime/2.3.3/jaxb-runtime-2.3.3.jar:/home/olgaz/.m2/repository/org/glassfish/jaxb/txw2/2.3.3/txw2-2.3.3.jar:/home/olgaz/.m2/repository/com/sun/istack/istack-commons-runtime/3.0.11/istack-commons-runtime-3.0.11.jar:/home/olgaz/.m2/repository/com/sun/activation/jakarta.activation/1.2.2/jakarta.activation-1.2.2.jar:/home/olgaz/.m2/repository/org/springframework/data/spring-data-jpa/2.4.5/spring-data-jpa-2.4.5.jar:/home/olgaz/.m2/repository/org/springframework/data/spring-data-commons/2.4.5/spring-data-commons-2.4.5.jar:/home/olgaz/.m2/repository/org/springframework/spring-orm/5.3.4/spring-orm-5.3.4.jar:/home/olgaz/.m2/repository/org/springframework/spring-tx/5.3.4/spring-tx-5.3.4.jar:/home/olgaz/.m2/repository/org/springframework/spring-beans/5.3.4/spring-beans-5.3.4.jar:/home/olgaz/.m2/repository/org/springframework/spring-aspects/5.3.4/spring-aspects-5.3.4.jar:/home/olgaz/.m2/repository/com/fasterxml/jackson/core/jackson-databind/2.11.4/jackson-databind-2.11.4.jar:/home/olgaz/.m2/repository/com/fasterxml/jackson/core/jackson-annotations/2.11.4/jackson-annotations-2.11.4.jar:/home/olgaz/.m2/repository/com/fasterxml/jackson/core/jackson-core/2.11.4/jackson-core-2.11.4.jar:/home/olgaz/.m2/repository/org/telegram/telegrambots-spring-boot-starter/4.1.2/telegrambots-spring-boot-starter-4.1.2.jar:/home/olgaz/.m2/repository/org/telegram/telegrambots/4.1.2/telegrambots-4.1.2.jar:/home/olgaz/.m2/repository/org/telegram/telegrambots-meta/4.1.2/telegrambots-meta-4.1.2.jar:/home/olgaz/.m2/repository/com/google/inject/guice/4.2.2/guice-4.2.2.jar:/home/olgaz/.m2/repository/javax/inject/javax.inject/1/javax.inject-1.jar:/home/olgaz/.m2/repository/aopalliance/aopalliance/1.0/aopalliance-1.0.jar:/home/olgaz/.m2/repository/com/google/guava/guava/25.1-android/guava-25.1-android.jar:/home/olgaz/.m2/repository/com/google/code/findbugs/jsr305/3.0.2/jsr305-3.0.2.jar:/home/olgaz/.m2/repository/org/checkerframework/checker-compat-qual/2.0.0/checker-compat-qual-2.0.0.jar:/home/olgaz/.m2/repository/com/google/errorprone/error_prone_annotations/2.1.3/error_prone_annotations-2.1.3.jar:/home/olgaz/.m2/repository/com/google/j2objc/j2objc-annotations/1.1/j2objc-annotations-1.1.jar:/home/olgaz/.m2/repository/org/codehaus/mojo/animal-sniffer-annotations/1.14/animal-sniffer-annotations-1.14.jar:/home/olgaz/.m2/repository/com/fasterxml/jackson/jaxrs/jackson-jaxrs-json-provider/2.11.4/jackson-jaxrs-json-provider-2.11.4.jar:/home/olgaz/.m2/repository/com/fasterxml/jackson/jaxrs/jackson-jaxrs-base/2.11.4/jackson-jaxrs-base-2.11.4.jar:/home/olgaz/.m2/repository/com/fasterxml/jackson/module/jackson-module-jaxb-annotations/2.11.4/jackson-module-jaxb-annotations-2.11.4.jar:/home/olgaz/.m2/repository/org/glassfish/jersey/media/jersey-media-json-jackson/2.32/jersey-media-json-jackson-2.32.jar:/home/olgaz/.m2/repository/org/glassfish/jersey/core/jersey-common/2.32/jersey-common-2.32.jar:/home/olgaz/.m2/repository/org/glassfish/hk2/osgi-resource-locator/1.0.3/osgi-resource-locator-1.0.3.jar:/home/olgaz/.m2/repository/org/glassfish/jersey/ext/jersey-entity-filtering/2.32/jersey-entity-filtering-2.32.jar:/home/olgaz/.m2/repository/org/glassfish/jersey/containers/jersey-container-grizzly2-http/2.32/jersey-container-grizzly2-http-2.32.jar:/home/olgaz/.m2/repository/org/glassfish/hk2/external/jakarta.inject/2.6.1/jakarta.inject-2.6.1.jar:/home/olgaz/.m2/repository/org/glassfish/grizzly/grizzly-http-server/2.4.4/grizzly-http-server-2.4.4.jar:/home/olgaz/.m2/repository/org/glassfish/grizzly/grizzly-http/2.4.4/grizzly-http-2.4.4.jar:/home/olgaz/.m2/repository/org/glassfish/grizzly/grizzly-framework/2.4.4/grizzly-framework-2.4.4.jar:/home/olgaz/.m2/repository/jakarta/ws/rs/jakarta.ws.rs-api/2.1.6/jakarta.ws.rs-api-2.1.6.jar:/home/olgaz/.m2/repository/org/glassfish/jersey/core/jersey-server/2.32/jersey-server-2.32.jar:/home/olgaz/.m2/repository/org/glassfish/jersey/core/jersey-client/2.32/jersey-client-2.32.jar:/home/olgaz/.m2/repository/org/glassfish/jersey/media/jersey-media-jaxb/2.32/jersey-media-jaxb-2.32.jar:/home/olgaz/.m2/repository/jakarta/validation/jakarta.validation-api/2.0.2/jakarta.validation-api-2.0.2.jar:/home/olgaz/.m2/repository/org/json/json/20180813/json-20180813.jar:/home/olgaz/.m2/repository/org/apache/httpcomponents/httpclient/4.5.13/httpclient-4.5.13.jar:/home/olgaz/.m2/repository/org/apache/httpcomponents/httpcore/4.4.14/httpcore-4.4.14.jar:/home/olgaz/.m2/repository/commons-codec/commons-codec/1.15/commons-codec-1.15.jar:/home/olgaz/.m2/repository/org/apache/httpcomponents/httpmime/4.5.13/httpmime-4.5.13.jar:/home/olgaz/.m2/repository/commons-io/commons-io/2.5/commons-io-2.5.jar:/home/olgaz/.m2/repository/net/java/dev/jna/jna/5.5.0/jna-5.5.0.jar:/home/olgaz/.m2/repository/org/projectlombok/lombok/1.18.18/lombok-1.18.18.jar:/home/olgaz/.m2/repository/com/vdurmont/emoji-java/5.1.1/emoji-java-5.1.1.jar:/home/olgaz/.m2/repository/com/stripe/stripe-java/20.52.0/stripe-java-20.52.0.jar:/home/olgaz/.m2/repository/com/google/code/gson/gson/2.8.6/gson-2.8.6.jar:"/>
    <property name="sun.cpu.endian" value="little"/>
    <property name="user.home" value="/home/olgaz"/>
    <property name="user.language" value="en"/>
    <property name="java.specification.vendor" value="Oracle Corporation"/>
    <property name="java.version.date" value="2021-04-20"/>
    <property name="java.home" value="/usr/lib/jvm/java-11-oracle"/>
    <property name="file.separator" value="/"/>
    <property name="basedir" value="/home/olgaz/allDocuments/bacup/WorkSpace/forProjectBot/school.manager.bot(StudentUser(avp2) + Ira)"/>
    <property name="java.vm.compressedOopsMode" value="32-bit"/>
    <property name="line.separator" value="&#10;"/>
    <property name="java.specification.name" value="Java Platform API Specification"/>
    <property name="java.vm.specification.vendor" value="Oracle Corporation"/>
    <property name="java.awt.graphicsenv" value="sun.awt.X11GraphicsEnvironment"/>
    <property name="surefire.real.class.path" value="/home/olgaz/allDocuments/bacup/WorkSpace/forProjectBot/school.manager.bot(StudentUser(avp2) + Ira)/target/surefire/surefirebooter2739007545654841551.jar"/>
    <property name="sun.management.compiler" value="HotSpot 64-Bit Tiered Compilers"/>
    <property name="java.runtime.version" value="11.0.11+9-LTS-194"/>
    <property name="user.name" value="olgaz"/>
    <property name="path.separator" value=":"/>
    <property name="os.version" value="5.8.0-55-generic"/>
    <property name="java.runtime.name" value="Java(TM) SE Runtime Environment"/>
    <property name="file.encoding" value="UTF-8"/>
    <property name="java.vm.name" value="Java HotSpot(TM) 64-Bit Server VM"/>
    <property name="java.vendor.version" value="18.9"/>
    <property name="localRepository" value="/home/olgaz/.m2/repository"/>
    <property name="java.vendor.url.bug" value="https://bugreport.java.com/bugreport/"/>
    <property name="java.io.tmpdir" value="/tmp"/>
    <property name="java.version" value="11.0.11"/>
    <property name="user.dir" value="/home/olgaz/allDocuments/bacup/WorkSpace/forProjectBot/school.manager.bot(StudentUser(avp2) + Ira)"/>
    <property name="os.arch" value="amd64"/>
    <property name="java.vm.specification.name" value="Java Virtual Machine Specification"/>
    <property name="java.awt.printerjob" value="sun.print.PSPrinterJob"/>
    <property name="sun.os.patch.level" value="unknown"/>
    <property name="java.library.path" value="/usr/java/packages/lib:/usr/lib64:/lib64:/lib:/usr/lib"/>
    <property name="java.vendor" value="Oracle Corporation"/>
    <property name="java.vm.info" value="mixed mode"/>
    <property name="java.vm.version" value="11.0.11+9-LTS-194"/>
    <property name="sun.io.unicode.encoding" value="UnicodeLittle"/>
    <property name="java.class.version" value="55.0"/>
  </properties>
  <testcase name="increment" classname="com.example.telegramBot.user.command.commands.TestCommTest" time="0.142"/>
</testsuite>